<?xml version="1.0" encoding="UTF-8"?>
<!-- Generated by org.testng.reporters.JUnitReportReporter -->
<testsuite hostname="LAPTOP-8AHNHADQ" failures="0" tests="1" name="CompleteProj.E2EProj.HomePage" time="6.879" errors="0" timestamp="2021-03-24T10:32:09 EDT" skipped="0">
  <testcase classname="CompleteProj.E2EProj.HomePage" name="basePageNavigative" time="6.879"/>
  <system-out/>
</testsuite> <!-- CompleteProj.E2EProj.HomePage -->
