<?xml version="1.0" encoding="UTF-8"?>
<!-- Generated by org.testng.reporters.JUnitReportReporter -->
<testsuite skipped="0" hostname="LAPTOP-8AHNHADQ" name="CompleteProj.E2EProj.HomePage" tests="1" failures="0" timestamp="2021-03-24T11:10:31 EDT" time="9.169" errors="0">
  <testcase name="basePageNavigative" time="9.169" classname="CompleteProj.E2EProj.HomePage"/>
  <system-out/>
</testsuite> <!-- CompleteProj.E2EProj.HomePage -->
